This is pdfTeX, Version 3.141592653-2.6-1.40.24 (MiKTeX 22.3) (preloaded format=pdflatex 2022.6.6)  11 AUG 2022 13:27
entering extended mode
 restricted \write18 enabled.
 %&-line parsing enabled.
**./Ausarbeitung.tex
(Ausarbeitung.tex
LaTeX2e <2021-11-15> patch level 1
L3 programming layer <2022-02-24>
(C:\Users\Zoe\AppData\Local\Programs\MiKTeX\tex/latex/koma-script\scrartcl.cls
Document Class: scrartcl 2022/05/01 v3.36 KOMA-Script document class (article)
(C:\Users\Zoe\AppData\Local\Programs\MiKTeX\tex/latex/koma-script\scrkbase.sty
Package: scrkbase 2022/05/01 v3.36 KOMA-Script package (KOMA-Script-dependent b
asics and keyval usage)

(C:\Users\Zoe\AppData\Local\Programs\MiKTeX\tex/latex/koma-script\scrbase.sty
Package: scrbase 2022/05/01 v3.36 KOMA-Script package (KOMA-Script-independent 
basics and keyval usage)

(C:\Users\Zoe\AppData\Local\Programs\MiKTeX\tex/latex/koma-script\scrlfile.sty
Package: scrlfile 2022/05/01 v3.36 KOMA-Script package (file load hooks)

(C:\Users\Zoe\AppData\Local\Programs\MiKTeX\tex/latex/koma-script\scrlfile-hook
.sty
Package: scrlfile-hook 2022/05/01 v3.36 KOMA-Script package (using LaTeX hooks)


(C:\Users\Zoe\AppData\Local\Programs\MiKTeX\tex/latex/koma-script\scrlogo.sty
Package: scrlogo 2022/05/01 v3.36 KOMA-Script package (logo)
))) (C:\Users\Zoe\AppData\Local\Programs\MiKTeX\tex/latex/graphics\keyval.sty
Package: keyval 2014/10/28 v1.15 key=value parser (DPC)
\KV@toks@=\toks16
)
Applying: [2021/05/01] Usage of raw or classic option list on input line 252.
Already applied: [0000/00/00] Usage of raw or classic option list on input line
 368.
))
(C:\Users\Zoe\AppData\Local\Programs\MiKTeX\tex/latex/koma-script\tocbasic.sty
Package: tocbasic 2022/05/01 v3.36 KOMA-Script package (handling toc-files)
\scr@dte@tocline@numberwidth=\skip47
\scr@dte@tocline@numbox=\box50
)
Package tocbasic Info: babel extension for `toc' omitted
(tocbasic)             because of missing \bbl@set@language on input line 135.
Package scrartcl Info: You've used standard option `12pt'.
(scrartcl)             This is correct!
(scrartcl)             Internally I'm using `fontsize=12pt'.
(scrartcl)             If you'd like to set the option with \KOMAoptions,
(scrartcl)             you'd have to use `fontsize=12pt' there
(scrartcl)             instead of `12pt', too.
Class scrartcl Info: File `scrsize12pt.clo' used to setup font sizes on input l
ine 2255.

(C:\Users\Zoe\AppData\Local\Programs\MiKTeX\tex/latex/koma-script\scrsize12pt.c
lo
File: scrsize12pt.clo 2022/05/01 v3.36 KOMA-Script font size class option (12pt
)
)
(C:\Users\Zoe\AppData\Local\Programs\MiKTeX\tex/latex/koma-script\typearea.sty
Package: typearea 2022/05/01 v3.36 KOMA-Script package (type area)
\ta@bcor=\skip48
\ta@div=\count185
Package typearea Info: You've used standard option `a4paper'.
(typearea)             This is correct!
(typearea)             Internally I'm using `paper=a4'.
(typearea)             If you'd like to set the option with \KOMAoptions,
(typearea)             you'd have to use `paper=a4' there
(typearea)             instead of `a4paper', too.
\ta@hblk=\skip49
\ta@vblk=\skip50
\ta@temp=\skip51
\footheight=\skip52
Package typearea Info: These are the values describing the layout:
(typearea)             DIV  = 12
(typearea)             BCOR = 0.0pt
(typearea)             \paperwidth      = 597.50793pt
(typearea)              \textwidth      = 448.13095pt
(typearea)              DIV departure   = -6%
(typearea)              \evensidemargin = 2.4185pt
(typearea)              \oddsidemargin  = 2.4185pt
(typearea)             \paperheight     = 845.04694pt
(typearea)              \textheight     = 635.5pt
(typearea)              \topmargin      = -41.72441pt
(typearea)              \headheight     = 18.125pt
(typearea)              \headsep        = 21.75pt
(typearea)              \topskip        = 12.0pt
(typearea)              \footskip       = 50.75pt
(typearea)              \baselineskip   = 14.5pt
(typearea)              on input line 1744.
)
\c@part=\count186
\c@section=\count187
\c@subsection=\count188
\c@subsubsection=\count189
\c@paragraph=\count190
\c@subparagraph=\count191
\scr@dte@section@maxnumwidth=\skip53
Class scrartcl Info: using compatibility default `runin=bysign'
(scrartcl)           for `\section on input line 4833.
Class scrartcl Info: using compatibility default `afterindent=bysign'
(scrartcl)           for `\section on input line 4833.
\scr@dte@part@maxnumwidth=\skip54
Class scrartcl Info: using compatibility default `afterindent=false'
(scrartcl)           for `\part on input line 4841.
\scr@dte@subsection@maxnumwidth=\skip55
Class scrartcl Info: using compatibility default `runin=bysign'
(scrartcl)           for `\subsection on input line 4851.
Class scrartcl Info: using compatibility default `afterindent=bysign'
(scrartcl)           for `\subsection on input line 4851.
\scr@dte@subsubsection@maxnumwidth=\skip56
Class scrartcl Info: using compatibility default `runin=bysign'
(scrartcl)           for `\subsubsection on input line 4861.
Class scrartcl Info: using compatibility default `afterindent=bysign'
(scrartcl)           for `\subsubsection on input line 4861.
\scr@dte@paragraph@maxnumwidth=\skip57
Class scrartcl Info: using compatibility default `runin=bysign'
(scrartcl)           for `\paragraph on input line 4872.
Class scrartcl Info: using compatibility default `afterindent=bysign'
(scrartcl)           for `\paragraph on input line 4872.
\scr@dte@subparagraph@maxnumwidth=\skip58
Class scrartcl Info: using compatibility default `runin=bysign'
(scrartcl)           for `\subparagraph on input line 4882.
Class scrartcl Info: using compatibility default `afterindent=bysign'
(scrartcl)           for `\subparagraph on input line 4882.
\abovecaptionskip=\skip59
\belowcaptionskip=\skip60
\c@pti@nb@sid@b@x=\box51
Package tocbasic Info: babel extension for `lof' omitted
(tocbasic)             because of missing \bbl@set@language on input line 6038.

\scr@dte@figure@maxnumwidth=\skip61
\c@figure=\count192
Package tocbasic Info: babel extension for `lot' omitted
(tocbasic)             because of missing \bbl@set@language on input line 6054.

\scr@dte@table@maxnumwidth=\skip62
\c@table=\count193
Class scrartcl Info: Redefining `\numberline' on input line 6224.
\bibindent=\dimen138
) (C:\Users\Zoe\AppData\Local\Programs\MiKTeX\tex/latex/base\inputenc.sty
Package: inputenc 2021/02/14 v1.3d Input encoding file
\inpenc@prehook=\toks17
\inpenc@posthook=\toks18
)
(C:\Users\Zoe\AppData\Local\Programs\MiKTeX\tex/generic/babel\babel.sty
Package: babel 2022/02/26 3.73 The Babel package
\babel@savecnt=\count194
\U@D=\dimen139
\l@unhyphenated=\language79

(C:\Users\Zoe\AppData\Local\Programs\MiKTeX\tex/generic/babel\txtbabel.def)
\bbl@readstream=\read2
\bbl@dirlevel=\count195

*************************************
* Local config file bblopts.cfg used
*
(C:\Users\Zoe\AppData\Local\Programs\MiKTeX\tex/latex/arabi\bblopts.cfg
File: bblopts.cfg 2005/09/08 v0.1 add Arabic and Farsi to "declared" options of
 babel
)
(C:\Users\Zoe\AppData\Local\Programs\MiKTeX\tex/latex/babel-german\ngerman.ldf
Language: ngerman 2021/02/27 v2.13 German support for babel (post-1996 orthogra
phy)

(C:\Users\Zoe\AppData\Local\Programs\MiKTeX\tex/latex/babel-german\ngermanb.ldf
Language: ngermanb 2021/02/27 v2.13 German support for babel (post-1996 orthogr
aphy)
Package babel Info: Making " an active character on input line 122.
))) (C:\Users\Zoe\AppData\Local\Programs\MiKTeX\tex/latex/amsmath\amsmath.sty
Package: amsmath 2021/10/15 v2.17l AMS math features
\@mathmargin=\skip63

For additional information on amsmath, use the `?' option.
(C:\Users\Zoe\AppData\Local\Programs\MiKTeX\tex/latex/amsmath\amstext.sty
Package: amstext 2021/08/26 v2.01 AMS text

(C:\Users\Zoe\AppData\Local\Programs\MiKTeX\tex/latex/amsmath\amsgen.sty
File: amsgen.sty 1999/11/30 v2.0 generic functions
\@emptytoks=\toks19
\ex@=\dimen140
))
(C:\Users\Zoe\AppData\Local\Programs\MiKTeX\tex/latex/amsmath\amsbsy.sty
Package: amsbsy 1999/11/29 v1.2d Bold Symbols
\pmbraise@=\dimen141
)
(C:\Users\Zoe\AppData\Local\Programs\MiKTeX\tex/latex/amsmath\amsopn.sty
Package: amsopn 2021/08/26 v2.02 operator names
)
\inf@bad=\count196
LaTeX Info: Redefining \frac on input line 234.
\uproot@=\count197
\leftroot@=\count198
LaTeX Info: Redefining \overline on input line 399.
\classnum@=\count199
\DOTSCASE@=\count266
LaTeX Info: Redefining \ldots on input line 496.
LaTeX Info: Redefining \dots on input line 499.
LaTeX Info: Redefining \cdots on input line 620.
\Mathstrutbox@=\box52
\strutbox@=\box53
\big@size=\dimen142
LaTeX Font Info:    Redeclaring font encoding OML on input line 743.
LaTeX Font Info:    Redeclaring font encoding OMS on input line 744.
\macc@depth=\count267
\c@MaxMatrixCols=\count268
\dotsspace@=\muskip16
\c@parentequation=\count269
\dspbrk@lvl=\count270
\tag@help=\toks20
\row@=\count271
\column@=\count272
\maxfields@=\count273
\andhelp@=\toks21
\eqnshift@=\dimen143
\alignsep@=\dimen144
\tagshift@=\dimen145
\tagwidth@=\dimen146
\totwidth@=\dimen147
\lineht@=\dimen148
\@envbody=\toks22
\multlinegap=\skip64
\multlinetaggap=\skip65
\mathdisplay@stack=\toks23
LaTeX Info: Redefining \[ on input line 2938.
LaTeX Info: Redefining \] on input line 2939.
)
(C:\Users\Zoe\AppData\Local\Programs\MiKTeX\tex/latex/geometry\geometry.sty
Package: geometry 2020/01/02 v5.9 Page Geometry

(C:\Users\Zoe\AppData\Local\Programs\MiKTeX\tex/generic/iftex\ifvtex.sty
Package: ifvtex 2019/10/25 v1.7 ifvtex legacy package. Use iftex instead.

(C:\Users\Zoe\AppData\Local\Programs\MiKTeX\tex/generic/iftex\iftex.sty
Package: iftex 2022/02/03 v1.0f TeX engine tests
))
\Gm@cnth=\count274
\Gm@cntv=\count275
\c@Gm@tempcnt=\count276
\Gm@bindingoffset=\dimen149
\Gm@wd@mp=\dimen150
\Gm@odd@mp=\dimen151
\Gm@even@mp=\dimen152
\Gm@layoutwidth=\dimen153
\Gm@layoutheight=\dimen154
\Gm@layouthoffset=\dimen155
\Gm@layoutvoffset=\dimen156
\Gm@dimlist=\toks24

(C:\Users\Zoe\AppData\Local\Programs\MiKTeX\tex/latex/geometry\geometry.cfg))
(C:\Users\Zoe\AppData\Local\Programs\MiKTeX\tex/latex/graphics\graphicx.sty
Package: graphicx 2021/09/16 v1.2d Enhanced LaTeX Graphics (DPC,SPQR)

(C:\Users\Zoe\AppData\Local\Programs\MiKTeX\tex/latex/graphics\graphics.sty
Package: graphics 2021/03/04 v1.4d Standard LaTeX Graphics (DPC,SPQR)

(C:\Users\Zoe\AppData\Local\Programs\MiKTeX\tex/latex/graphics\trig.sty
Package: trig 2021/08/11 v1.11 sin cos tan (DPC)
)
(C:\Users\Zoe\AppData\Local\Programs\MiKTeX\tex/latex/graphics-cfg\graphics.cfg
File: graphics.cfg 2016/06/04 v1.11 sample graphics configuration
)
Package graphics Info: Driver file: pdftex.def on input line 107.
 (C:\Users\Zoe\AppData\Local\Programs\MiKTeX\tex/latex/graphics-def\pdftex.def
File: pdftex.def 2020/10/05 v1.2a Graphics/color driver for pdftex
))
\Gin@req@height=\dimen157
\Gin@req@width=\dimen158
) (C:\Users\Zoe\AppData\Local\Programs\MiKTeX\tex/latex/csquotes\csquotes.sty
Package: csquotes 2021-02-22 v5.2l context-sensitive quotations (JAW)
(C:\Users\Zoe\AppData\Local\Programs\MiKTeX\tex/latex/etoolbox\etoolbox.sty
Package: etoolbox 2020/10/05 v2.5k e-TeX tools for LaTeX (JAW)
\etb@tempcnta=\count277
)
\csq@reset=\count278
\csq@gtype=\count279
\csq@glevel=\count280
\csq@qlevel=\count281
\csq@maxlvl=\count282
\csq@tshold=\count283
\csq@ltx@everypar=\toks25

(C:\Users\Zoe\AppData\Local\Programs\MiKTeX\tex/latex/csquotes\csquotes.def
File: csquotes.def 2021-02-22 v5.2l csquotes generic definitions (JAW)
)
Package csquotes Info: Trying to load configuration file 'csquotes.cfg'...
Package csquotes Info: ... configuration file loaded successfully.

(C:\Users\Zoe\AppData\Local\Programs\MiKTeX\tex/latex/csquotes\csquotes.cfg
File: csquotes.cfg 
))
(C:\Users\Zoe\AppData\Local\Programs\MiKTeX\tex/latex/hyperref\hyperref.sty
Package: hyperref 2022-02-21 v7.00n Hypertext links for LaTeX

(C:\Users\Zoe\AppData\Local\Programs\MiKTeX\tex/generic/ltxcmds\ltxcmds.sty
Package: ltxcmds 2020-05-10 v1.25 LaTeX kernel commands for general use (HO)
)
(C:\Users\Zoe\AppData\Local\Programs\MiKTeX\tex/generic/pdftexcmds\pdftexcmds.s
ty
Package: pdftexcmds 2020-06-27 v0.33 Utility functions of pdfTeX for LuaTeX (HO
)

(C:\Users\Zoe\AppData\Local\Programs\MiKTeX\tex/generic/infwarerr\infwarerr.sty
Package: infwarerr 2019/12/03 v1.5 Providing info/warning/error messages (HO)
)
Package pdftexcmds Info: \pdf@primitive is available.
Package pdftexcmds Info: \pdf@ifprimitive is available.
Package pdftexcmds Info: \pdfdraftmode found.
)
(C:\Users\Zoe\AppData\Local\Programs\MiKTeX\tex/generic/kvsetkeys\kvsetkeys.sty
Package: kvsetkeys 2019/12/15 v1.18 Key value parser (HO)
)
(C:\Users\Zoe\AppData\Local\Programs\MiKTeX\tex/generic/kvdefinekeys\kvdefineke
ys.sty
Package: kvdefinekeys 2019-12-19 v1.6 Define keys (HO)
)
(C:\Users\Zoe\AppData\Local\Programs\MiKTeX\tex/generic/pdfescape\pdfescape.sty
Package: pdfescape 2019/12/09 v1.15 Implements pdfTeX's escape features (HO)
) (C:\Users\Zoe\AppData\Local\Programs\MiKTeX\tex/latex/hycolor\hycolor.sty
Package: hycolor 2020-01-27 v1.10 Color options for hyperref/bookmark (HO)
)
(C:\Users\Zoe\AppData\Local\Programs\MiKTeX\tex/latex/letltxmacro\letltxmacro.s
ty
Package: letltxmacro 2019/12/03 v1.6 Let assignment for LaTeX macros (HO)
) (C:\Users\Zoe\AppData\Local\Programs\MiKTeX\tex/latex/auxhook\auxhook.sty
Package: auxhook 2019-12-17 v1.6 Hooks for auxiliary files (HO)
)
(C:\Users\Zoe\AppData\Local\Programs\MiKTeX\tex/latex/kvoptions\kvoptions.sty
Package: kvoptions 2022-06-15 v3.15 Key value format for package options (HO)
)
\@linkdim=\dimen159
\Hy@linkcounter=\count284
\Hy@pagecounter=\count285

(C:\Users\Zoe\AppData\Local\Programs\MiKTeX\tex/latex/hyperref\pd1enc.def
File: pd1enc.def 2022-02-21 v7.00n Hyperref: PDFDocEncoding definition (HO)
Now handling font encoding PD1 ...
... no UTF-8 mapping file for font encoding PD1
)
(C:\Users\Zoe\AppData\Local\Programs\MiKTeX\tex/generic/intcalc\intcalc.sty
Package: intcalc 2019/12/15 v1.3 Expandable calculations with integers (HO)
)
(C:\Users\Zoe\AppData\Local\Programs\MiKTeX\tex/generic/etexcmds\etexcmds.sty
Package: etexcmds 2019/12/15 v1.7 Avoid name clashes with e-TeX commands (HO)
)
\Hy@SavedSpaceFactor=\count286

(C:\Users\Zoe\AppData\Local\Programs\MiKTeX\tex/latex/hyperref\puenc.def
File: puenc.def 2022-02-21 v7.00n Hyperref: PDF Unicode definition (HO)
Now handling font encoding PU ...
... no UTF-8 mapping file for font encoding PU
)
Package hyperref Info: Hyper figures OFF on input line 4137.
Package hyperref Info: Link nesting OFF on input line 4142.
Package hyperref Info: Hyper index ON on input line 4145.
Package hyperref Info: Plain pages OFF on input line 4152.
Package hyperref Info: Backreferencing OFF on input line 4157.
Package hyperref Info: Implicit mode ON; LaTeX internals redefined.
Package hyperref Info: Bookmarks ON on input line 4390.
\c@Hy@tempcnt=\count287

(C:\Users\Zoe\AppData\Local\Programs\MiKTeX\tex/latex/url\url.sty
\Urlmuskip=\muskip17
Package: url 2013/09/16  ver 3.4  Verb mode for urls, etc.
)
LaTeX Info: Redefining \url on input line 4749.
\XeTeXLinkMargin=\dimen160

(C:\Users\Zoe\AppData\Local\Programs\MiKTeX\tex/generic/bitset\bitset.sty
Package: bitset 2019/12/09 v1.3 Handle bit-vector datatype (HO)

(C:\Users\Zoe\AppData\Local\Programs\MiKTeX\tex/generic/bigintcalc\bigintcalc.s
ty
Package: bigintcalc 2019/12/15 v1.5 Expandable calculations on big integers (HO
)
))
\Fld@menulength=\count288
\Field@Width=\dimen161
\Fld@charsize=\dimen162
Package hyperref Info: Hyper figures OFF on input line 6027.
Package hyperref Info: Link nesting OFF on input line 6032.
Package hyperref Info: Hyper index ON on input line 6035.
Package hyperref Info: backreferencing OFF on input line 6042.
Package hyperref Info: Link coloring OFF on input line 6047.
Package hyperref Info: Link coloring with OCG OFF on input line 6052.
Package hyperref Info: PDF/A mode OFF on input line 6057.
LaTeX Info: Redefining \ref on input line 6097.
LaTeX Info: Redefining \pageref on input line 6101.

(C:\Users\Zoe\AppData\Local\Programs\MiKTeX\tex/latex/base\atbegshi-ltx.sty
Package: atbegshi-ltx 2021/01/10 v1.0c Emulation of the original atbegshi
package with kernel methods
)
\Hy@abspage=\count289
\c@Item=\count290
\c@Hfootnote=\count291
)
Package hyperref Info: Driver (autodetected): hpdftex.

(C:\Users\Zoe\AppData\Local\Programs\MiKTeX\tex/latex/hyperref\hpdftex.def
File: hpdftex.def 2022-02-21 v7.00n Hyperref driver for pdfTeX

(C:\Users\Zoe\AppData\Local\Programs\MiKTeX\tex/latex/base\atveryend-ltx.sty
Package: atveryend-ltx 2020/08/19 v1.0a Emulation of the original atveryend pac
kage
with kernel methods
)
\Fld@listcount=\count292
\c@bookmark@seq@number=\count293

(C:\Users\Zoe\AppData\Local\Programs\MiKTeX\tex/latex/rerunfilecheck\rerunfilec
heck.sty
Package: rerunfilecheck 2022-07-10 v1.10 Rerun checks for auxiliary files (HO)

(C:\Users\Zoe\AppData\Local\Programs\MiKTeX\tex/generic/uniquecounter\uniquecou
nter.sty
Package: uniquecounter 2019/12/15 v1.4 Provide unlimited unique counter (HO)
)
Package uniquecounter Info: New unique counter `rerunfilecheck' on input line 2
85.
)
\Hy@SectionHShift=\skip66
)
Package csquotes Info: Checking for multilingual support...
Package csquotes Info: ... found 'babel' package.
Package csquotes Info: Adjusting default style.
Package csquotes Info: Redefining alias 'default' -> 'ngerman'.

(C:\Users\Zoe\AppData\Local\Programs\MiKTeX\tex/latex/l3backend\l3backend-pdfte
x.def
File: l3backend-pdftex.def 2022-02-07 L3 backend support: PDF output (pdfTeX)
\l__color_backend_stack_int=\count294
\l__pdf_internal_box=\box54
) (Ausarbeitung.aux)
\openout1 = `Ausarbeitung.aux'.

LaTeX Font Info:    Checking defaults for OML/cmm/m/it on input line 37.
LaTeX Font Info:    ... okay on input line 37.
LaTeX Font Info:    Checking defaults for OMS/cmsy/m/n on input line 37.
LaTeX Font Info:    ... okay on input line 37.
LaTeX Font Info:    Checking defaults for OT1/cmr/m/n on input line 37.
LaTeX Font Info:    ... okay on input line 37.
LaTeX Font Info:    Checking defaults for T1/cmr/m/n on input line 37.
LaTeX Font Info:    ... okay on input line 37.
LaTeX Font Info:    Checking defaults for TS1/cmr/m/n on input line 37.
LaTeX Font Info:    ... okay on input line 37.
LaTeX Font Info:    Checking defaults for OMX/cmex/m/n on input line 37.
LaTeX Font Info:    ... okay on input line 37.
LaTeX Font Info:    Checking defaults for U/cmr/m/n on input line 37.
LaTeX Font Info:    ... okay on input line 37.
LaTeX Font Info:    Checking defaults for PD1/pdf/m/n on input line 37.
LaTeX Font Info:    ... okay on input line 37.
LaTeX Font Info:    Checking defaults for PU/pdf/m/n on input line 37.
LaTeX Font Info:    ... okay on input line 37.

*geometry* driver: auto-detecting
*geometry* detected driver: pdftex
*geometry* verbose mode - [ preamble ] result:
* driver: pdftex
* paper: a4paper
* layout: <same size as paper>
* layoutoffset:(h,v)=(0.0pt,0.0pt)
* modes: 
* h-part:(L,W,R)=(85.35826pt, 441.01773pt, 71.13188pt)
* v-part:(T,H,B)=(71.13188pt, 688.5567pt, 85.35826pt)
* \paperwidth=597.50787pt
* \paperheight=845.04684pt
* \textwidth=441.01773pt
* \textheight=688.5567pt
* \oddsidemargin=13.08827pt
* \evensidemargin=13.08827pt
* \topmargin=-41.0131pt
* \headheight=18.125pt
* \headsep=21.75pt
* \topskip=12.0pt
* \footskip=50.75pt
* \marginparwidth=49.79233pt
* \marginparsep=12.8401pt
* \columnsep=10.0pt
* \skip\footins=10.8pt plus 4.0pt minus 2.0pt
* \hoffset=0.0pt
* \voffset=0.0pt
* \mag=1000
* \@twocolumnfalse
* \@twosidefalse
* \@mparswitchfalse
* \@reversemarginfalse
* (1in=72.27pt=25.4mm, 1cm=28.453pt)


(C:\Users\Zoe\AppData\Local\Programs\MiKTeX\tex/context/base/mkii\supp-pdf.mkii
[Loading MPS to PDF converter (version 2006.09.02).]
\scratchcounter=\count295
\scratchdimen=\dimen163
\scratchbox=\box55
\nofMPsegments=\count296
\nofMParguments=\count297
\everyMPshowfont=\toks26
\MPscratchCnt=\count298
\MPscratchDim=\dimen164
\MPnumerator=\count299
\makeMPintoPDFobject=\count300
\everyMPtoPDFconversion=\toks27
)
(C:\Users\Zoe\AppData\Local\Programs\MiKTeX\tex/latex/epstopdf-pkg\epstopdf-bas
e.sty
Package: epstopdf-base 2020-01-24 v2.11 Base part for package epstopdf
Package epstopdf-base Info: Redefining graphics rule for `.eps' on input line 4
85.

(C:\Users\Zoe\AppData\Local\Programs\MiKTeX\tex/latex/00miktex\epstopdf-sys.cfg
File: epstopdf-sys.cfg 2021/03/18 v2.0 Configuration of epstopdf for MiKTeX
))
Package hyperref Info: Link coloring OFF on input line 37.
 (C:\Users\Zoe\AppData\Local\Programs\MiKTeX\tex/latex/hyperref\nameref.sty
Package: nameref 2021-04-02 v2.47 Cross-referencing by name of section

(C:\Users\Zoe\AppData\Local\Programs\MiKTeX\tex/latex/refcount\refcount.sty
Package: refcount 2019/12/15 v3.6 Data extraction from label references (HO)
)
(C:\Users\Zoe\AppData\Local\Programs\MiKTeX\tex/generic/gettitlestring\gettitle
string.sty
Package: gettitlestring 2019/12/15 v1.6 Cleanup title references (HO)
)
\c@section@level=\count301
)
LaTeX Info: Redefining \ref on input line 37.
LaTeX Info: Redefining \pageref on input line 37.
LaTeX Info: Redefining \nameref on input line 37.
 (Ausarbeitung.out) (Ausarbeitung.out)
\@outlinefile=\write3
\openout3 = `Ausarbeitung.out'.

Class scrartcl Info: loading recommended package `bookmark'.
(scrartcl)           Using `bookmark' together with `hyperref' is recommended,
(scrartcl)           because of handling of possible bookmark level gaps.
(scrartcl)           You can avoid loading `bookmark' with KOMA-Script option
(scrartcl)           `bookmarkpackage=false' before \begin{document} and
(scrartcl)           you can avoid this message adding:
(scrartcl)             \usepackage{bookmark}
(scrartcl)           before \begin{document} on input line 37.

(C:\Users\Zoe\AppData\Local\Programs\MiKTeX\tex/latex/bookmark\bookmark.sty
Package: bookmark 2020-11-06 v1.29 PDF bookmarks (HO)

(C:\Users\Zoe\AppData\Local\Programs\MiKTeX\tex/latex/bookmark\bkm-pdftex.def
File: bkm-pdftex.def 2020-11-06 v1.29 bookmark driver for pdfTeX (HO)
\BKM@id=\count302
)) [1


{C:/Users/Zoe/AppData/Local/MiKTeX/fonts/map/pdftex/pdftex.map}]
(Ausarbeitung.toc)
\tf@toc=\write4
\openout4 = `Ausarbeitung.toc'.

 [2]
Underfull \hbox (badness 3547) in paragraph at lines 58--58
[]\OT1/cmr/m/n/12 Wichtige In-for-ma-tio-
 []


Underfull \hbox (badness 10000) in paragraph at lines 59--59
[]\OT1/cmr/m/n/12 Inhalt aus Quel-len
 []


Underfull \hbox (badness 10000) in paragraph at lines 59--60
[]\OT1/cmr/m/n/12 Inhalt aus Quel-len
 []


Underfull \hbox (badness 10000) in paragraph at lines 61--61
[]\OT1/cmr/m/n/12 Kapitel Gas-man-gel
 []


Underfull \hbox (badness 5331) in paragraph at lines 61--62
[]\OT1/cmr/m/n/12 Fragen no-tie-ren f[]ur
 []


Underfull \hbox (badness 1365) in paragraph at lines 61--62
\OT1/cmr/m/n/12 Vor-tag der Nach-hal-
 []


Underfull \hbox (badness 10000) in paragraph at lines 62--62
[]\OT1/cmr/m/n/12 Inhaltsverzeichnis
 []


Underfull \hbox (badness 5331) in paragraph at lines 63--63
[]\OT1/cmr/m/n/12 Fragen no-tie-ren f[]ur
 []


Underfull \hbox (badness 10000) in paragraph at lines 63--63
[]\OT1/cmr/m/n/12 Inhaltsverzeichnis
 []


Underfull \hbox (badness 6094) in paragraph at lines 63--64
[]\OT1/cmr/m/n/12 Gas- und []Olimport
 []


Underfull \hbox (badness 10000) in paragraph at lines 63--64
\OT1/cmr/m/n/12 Abh[]angigkeit ge-
 []


Underfull \hbox (badness 10000) in paragraph at lines 64--64
[]\OT1/cmr/m/n/12 Kapitel Ener-gie-ver-
 []


Underfull \hbox (badness 10000) in paragraph at lines 64--65
[]\OT1/cmr/m/n/12 Inhaltsverzeichnis
 []


Underfull \hbox (badness 7522) in paragraph at lines 64--65
[]\OT1/cmr/m/n/12 uberarbeitet - letz-
 []


Underfull \hbox (badness 5893) in paragraph at lines 64--65
\OT1/cmr/m/n/12 te erg[]anzte Ka-pi-tel
 []


Underfull \hbox (badness 10000) in paragraph at lines 65--65
[]\OT1/cmr/m/n/12 Energieverbrauch
 []


Underfull \hbox (badness 7397) in paragraph at lines 65--65
[]\OT1/cmr/m/n/12 Energieverbrauch an
 []


Underfull \hbox (badness 2564) in paragraph at lines 65--66
[]\OT1/cmr/m/n/12 Zeitmanagement Ka-
 []


Underfull \hbox (badness 1062) in paragraph at lines 66--66
\OT1/cmr/m/n/12 Ener-gie-ver-brauch an-
 []


Underfull \hbox (badness 10000) in paragraph at lines 66--67
[]\OT1/cmr/m/n/12 These ge-gen-ge-le-sen
 []


Underfull \hbox (badness 10000) in paragraph at lines 67--67
[]\OT1/cmr/m/n/12 Inhaltsverzeichnis
 []


Underfull \hbox (badness 10000) in paragraph at lines 67--67
[]\OT1/cmr/m/n/12 Verbesserte The-se
 []


Underfull \hbox (badness 10000) in paragraph at lines 68--68
[]\OT1/cmr/m/n/12 Eigene Er-fah-run-gen
 []


Underfull \hbox (badness 5331) in paragraph at lines 68--68
[]\OT1/cmr/m/n/12 Fragen no-tie-ren f[]ur
 []


Underfull \hbox (badness 10000) in paragraph at lines 68--69
[]\OT1/cmr/m/n/12 Energieverbrauch
 []


Underfull \hbox (badness 6396) in paragraph at lines 68--69
\OT1/cmr/m/n/12 beim Pen-deln ers-te
 []


Underfull \hbox (badness 10000) in paragraph at lines 69--69
[]\OT1/cmr/m/n/12 Inhaltsverzeichnis
 []


Underfull \hbox (badness 10000) in paragraph at lines 69--70
[]\OT1/cmr/m/n/12 Kapitel E-Auto vs
 []


Underfull \hbox (badness 7291) in paragraph at lines 70--70
[][]\OT1/cmr/m/n/12 OPNV In-fra-struk-tur
 []


Underfull \hbox (badness 10000) in paragraph at lines 70--70
\OT1/cmr/m/n/12 ge-gen-ge-le-sen und
 []


Underfull \hbox (badness 10000) in paragraph at lines 70--70
[]\OT1/cmr/m/n/12 Zusammenfassung
 []


Underfull \hbox (badness 5771) in paragraph at lines 70--71
[]\OT1/cmr/m/n/12 Energieverbrauch im
 []


Underfull \hbox (badness 10000) in paragraph at lines 71--71
[]\OT1/cmr/m/n/12 Zusammenfassung
 []


Underfull \hbox (badness 7291) in paragraph at lines 71--72
[][]\OT1/cmr/m/n/12 OPNV In-fra-struk-tur
 []


Underfull \hbox (badness 10000) in paragraph at lines 72--72
[]\OT1/cmr/m/n/12 Eigene Er-fah-run-gen
 []

[1] [2]
Underfull \hbox (badness 10000) in paragraph at lines 85--86

 []


Underfull \hbox (badness 10000) in paragraph at lines 85--86

 []


Underfull \hbox (badness 10000) in paragraph at lines 87--88

 []

[3]
LaTeX Font Info:    Trying to load font information for TS1+cmss on input line 
97.
 (C:\Users\Zoe\AppData\Local\Programs\MiKTeX\tex/latex/base\ts1cmss.fd
File: ts1cmss.fd 2019/12/16 v2.5j Standard LaTeX font definitions
)
[4] [5] [6] [7] [8] [9]
Overfull \hbox (139.43224pt too wide) in paragraph at lines 161--162
[][]$\OT1/cmtt/m/n/12 https : / / www . staedtetag . de / publikationen / weite
re-[]publikationen / barrierefreiheit-[]oepnv-[]2014$[] 
 []


Overfull \hbox (46.30719pt too wide) in paragraph at lines 162--163
[][]$\OT1/cmtt/m/n/12 https : / / www . allianz-[]pro-[]schiene . de / themen /
 dossiers / erreichbarkeitsranking/$[] 
 []


Overfull \hbox (33.95718pt too wide) in paragraph at lines 163--164
[][]$\OT1/cmtt/m/n/12 https : / / infoportal . mobil . nrw / information-[]serv
ice / spnv-[]qualitaetsbericht .
 []


Overfull \hbox (14.93217pt too wide) in paragraph at lines 164--165
[][]$\OT1/cmtt/m/n/12 https : / / infoportal . mobil . nrw / organisation-[]fin
anzierung / infrastruktur .
 []


Overfull \hbox (11.75717pt too wide) in paragraph at lines 165--166
[][]$\OT1/cmtt/m/n/12 https : / / www . pooly . net / meine-[]erfahrung-[]mit-[
]dem-[]9e-[]ticket-[]als-[]pendler/$[] 
 []


Overfull \hbox (170.80725pt too wide) in paragraph at lines 166--167
[][]$\OT1/cmtt/m/n/12 https : / / www . bundesregierung . de / breg-[]de / them
en / gasversorgung-[]abhaengigkeiten-[]verringern-[]441270 ?
 []


Overfull \hbox (91.03221pt too wide) in paragraph at lines 167--168
[][]$\OT1/cmtt/m/n/12 https : / / www . stuttgarter-[]nachrichten . de / inhalt
 . woher-[]bekommt-[]deutschland-[]oel-[]mhsd .
 []


Overfull \hbox (2.08217pt too wide) in paragraph at lines 168--169
[][]$\OT1/cmtt/m/n/12 https : / / www . bundesnetzagentur . de / DE / Fachtheme
n / ElektrizitaetundGas /
 []


Overfull \hbox (132.25723pt too wide) in paragraph at lines 169--170
[][]$\OT1/cmtt/m/n/12 https : / / www . bmwk . de / Redaktion / DE / Downloads 
/ Energie / 20220720 _ dritter-[]fortschrittsbericht _
 []


Overfull \hbox (45.80719pt too wide) in paragraph at lines 170--171
[][]$\OT1/cmtt/m/n/12 https : / / www . bmwi-[]energiewende . de / EWD / Redakt
ion / Newsletter / 2019 / 10 / Meldung /
 []


Overfull \hbox (470.7074pt too wide) in paragraph at lines 171--172
[][]$\OT1/cmtt/m/n/12 https : / / www . derwesten . de / panorama / vermischtes
 / 9-[]euro-[]ticket-[]deutsche-[]bahn-[]sylt-[]chaos-[]zuege-[]verspaetung-[]u
eberlastung-[]maskenpflicht-[]id235558743 .
 []


Overfull \hbox (97.70721pt too wide) in paragraph at lines 172--173
[][]$\OT1/cmtt/m/n/12 https : / / temagazin . de / allgemein / wie-[]umweltfreu
ndlich-[]ist-[]die-[]bahn-[]eigentlich-[]genau/$[] 
 []


Overfull \hbox (3.08217pt too wide) in paragraph at lines 173--174
[][]$\OT1/cmtt/m/n/12 https : / / nachhaltigmobil . schule / leistung-[]energie
-[]verbrauch / # : [] : text =
 []


Overfull \hbox (8.75717pt too wide) in paragraph at lines 173--174
\OT1/cmtt/m/n/12 Benzin % 20hat % 20einen % 20Heizwert % 20von ,[] oder % 205 %
 2C6 % 20Liter % 20Diesel.$[] 
 []


Overfull \hbox (10.25717pt too wide) in paragraph at lines 174--175
[][]$\OT1/cmtt/m/n/12 https : / / tff-[]forum . de / t / spritverbrauch-[]durch
s-[]pendeln-[]wahnsinn / 173878$[] 
 []


Overfull \hbox (58.1572pt too wide) in paragraph at lines 175--176
[][]$\OT1/cmtt/m/n/12 https : / / oesterreichsenergie . at / aktuelles / neuigk
eiten / detailseite / preis-[]krieg$[] 
 []

[10]
Overfull \hbox (91.03221pt too wide) in paragraph at lines 176--177
[][]$\OT1/cmtt/m/n/12 https : / / www . stuttgarter-[]nachrichten . de / inhalt
 . woher-[]bekommt-[]deutschland-[]oel-[]mhsd .
 []


Overfull \hbox (157.95724pt too wide) in paragraph at lines 177--178
[][]$\OT1/cmtt/m/n/12 https : / / www . umweltbundesamt . de / daten / energie 
/ energieverbrauch-[]nach-[]energietraegern-[]sektoren #
 []


Overfull \hbox (170.80725pt too wide) in paragraph at lines 178--179
[][]$\OT1/cmtt/m/n/12 https : / / www . umweltbundesamt . de / daten / energie 
/ energieverbrauch-[]fuer-[]fossile-[]erneuerbare-[]waerme #
 []


Overfull \hbox (2.08217pt too wide) in paragraph at lines 179--180
[][]$\OT1/cmtt/m/n/12 https : / / www . bundesnetzagentur . de / DE / Fachtheme
n / ElektrizitaetundGas /
 []


Overfull \hbox (147.10724pt too wide) in paragraph at lines 180--181
[][]$\OT1/cmtt/m/n/12 https : / / www . galileo . tv / technik / gaskraftwerk-[
]so-[]funktioniert-[]die-[]stromgewinnung-[]mit-[]erdgas/$[] 
 []


Overfull \hbox (33.45718pt too wide) in paragraph at lines 181--182
[][]$\OT1/cmtt/m/n/12 https : / / www . volkswagen . de / de / elektrofahrzeuge
 / elektromobilitaet-[]erleben /
 []


Overfull \hbox (60.1572pt too wide) in paragraph at lines 181--182
\OT1/cmtt/m/n/12 elektroauto-[]technologie / einfach-[]effizienter-[]wirkungsgr
ad-[]von-[]elektromotoren .
 []

[11] (Ausarbeitung.aux)

LaTeX Warning: Label(s) may have changed. Rerun to get cross-references right.

Package rerunfilecheck Info: File `Ausarbeitung.out' has not changed.
(rerunfilecheck)             Checksum: D41D8CD98F00B204E9800998ECF8427E;0.
 ) 
Here is how much of TeX's memory you used:
 14371 strings out of 478582
 254729 string characters out of 2845289
 717232 words of memory out of 3000000
 32347 multiletter control sequences out of 15000+600000
 476977 words of font info for 55 fonts, out of 8000000 for 9000
 1141 hyphenation exceptions out of 8191
 108i,11n,106p,10609b,456s stack positions out of 10000i,1000n,20000p,200000b,80000s
 <C:\Users\Zoe\AppData\Local\MiKTeX\fonts/pk/ljfour/jknappen/ec/dpi600\tcsx14
40.pk> <C:\Users\Zoe\AppData\Local\MiKTeX\fonts/pk/ljfour/jknappen/ec/dpi600\tc
rm1200.pk><C:/Users/Zoe/AppData/Local/Programs/MiKTeX/fonts/type1/public/amsfon
ts/cm/cmbx12.pfb><C:/Users/Zoe/AppData/Local/Programs/MiKTeX/fonts/type1/public
/amsfonts/cm/cmr12.pfb><C:/Users/Zoe/AppData/Local/Programs/MiKTeX/fonts/type1/
public/amsfonts/cm/cmr17.pfb><C:/Users/Zoe/AppData/Local/Programs/MiKTeX/fonts/
type1/public/amsfonts/cm/cmssbx10.pfb><C:/Users/Zoe/AppData/Local/Programs/MiKT
eX/fonts/type1/public/amsfonts/cm/cmsy10.pfb><C:/Users/Zoe/AppData/Local/Progra
ms/MiKTeX/fonts/type1/public/amsfonts/cm/cmtt12.pfb>
Output written on Ausarbeitung.pdf (13 pages, 148605 bytes).
PDF statistics:
 277 PDF objects out of 1000 (max. 8388607)
 41 named destinations out of 1000 (max. 500000)
 201 words of extra memory for PDF output out of 10000 (max. 10000000)

